#
# A fatal error has been detected by the Java Runtime Environment:
#
#  SIGSEGV (0xb) at pc=0x00007f8650573f4d, pid=20315, tid=140121010812672
#
# JRE version: Java(TM) SE Runtime Environment (8.0_66-b17) (build 1.8.0_66-b17)
# Java VM: Java HotSpot(TM) 64-Bit Server VM (25.66-b17 mixed mode linux-amd64 )
# Problematic frame:
# C  [libc.so.6+0x39f4d]
#
# Failed to write core dump. Core dumps have been disabled. To enable core dumping, try "ulimit -c unlimited" before starting Java again
#
# If you would like to submit a bug report, please visit:
#   http://bugreport.java.com/bugreport/crash.jsp
# The crash happened outside the Java Virtual Machine in native code.
# See problematic frame for where to report the bug.
#

---------------  T H R E A D  ---------------

Current thread (0x0000000002e41800):  JavaThread "AWT-XAWT" daemon [_thread_in_native, id=20523, stack(0x00007f7077033000,0x00007f7077134000)]

siginfo: si_signo: 11 (SIGSEGV), si_code: 1 (SEGV_MAPERR), si_addr: 0x000000007c40fbd0

Registers:
RAX=0x0000000003c3e80f, RBX=0x0000000000000001, RCX=0x000000007c40fbd0, RDX=0x00000000787d0200
RSP=0x00007f7077132540, RBP=0x00007f86508fe5f8, RSI=0x0000000000000000, RDI=0x00007f7053fe7690
R8 =0x0000000000000000, R9 =0x0000000000000000, R10=0x00007f7053fe8210, R11=0x0000000000000000
R12=0x0000000000000001, R13=0x0000000003c3f9e0, R14=0x00007f70771325f0, R15=0x0000000002e41800
RIP=0x00007f8650573f4d, EFLAGS=0x0000000000010216, CSGSFS=0x0000000000000033, ERR=0x0000000000000004
  TRAPNO=0x000000000000000e

Top of Stack: (sp=0x00007f7077132540)
0x00007f7077132540:   0000000000000001 0000000001731200
0x00007f7077132550:   0000000000000000 0000000000000001
0x00007f7077132560:   00007f7077132618 00007f8650574045
0x00007f7077132570:   0000000000000073 00007f864ffdacf8
0x00007f7077132580:   0000000001731200 00007f864ffd857d
0x00007f7077132590:   0000000001731200 00007f864ffc9ee9
0x00007f70771325a0:   00007f70cc418a78 00007f7077132600
0x00007f70771325b0:   0000000000000b21 00007f8639b67dfe
0x00007f70771325c0:   00007f707778e8d0 00007f7077782da8
0x00007f70771325d0:   00007f7077132670 00007f863975fe96
0x00007f70771325e0:   ffffffffffffffff 00007f7077782da8
0x00007f70771325f0:   00007f71c838e120 00007f7077132620
0x00007f7077132600:   00007f7077132670 00007f8639007670
0x00007f7077132610:   00007f8639007670 0000000000000001
0x00007f7077132620:   0000000001731200 00007f8639007740
0x00007f7077132630:   00007f7077132630 00007f707778410f
0x00007f7077132640:   00007f70771326b8 00007f707778e8d0
0x00007f7077132650:   0000000000000000 00007f7077784338
0x00007f7077132660:   00007f7077132618 00007f70771326b0
0x00007f7077132670:   00007f7077132700 00007f8639007c24
0x00007f7077132680:   0000000000000000 00007f71571f4348
0x00007f7077132690:   0000000000000000 0000000000000000
0x00007f70771326a0:   0000000000000000 00007f71c843cfd0
0x00007f70771326b0:   0000000000000000 00007f71c83b8d80
0x00007f70771326c0:   00007f70771326c0 00007f707778403d
0x00007f70771326d0:   00007f7077132710 00007f707778e8d0
0x00007f70771326e0:   0000000000000000 00007f7077784048
0x00007f70771326f0:   00007f70771326b0 00007f7077132710
0x00007f7077132700:   00007f7077132758 00007f8639007c69
0x00007f7077132710:   00007f71c83b8d80 00007f7077132718
0x00007f7077132720:   00007f70cf00a343 00007f7077132768
0x00007f7077132730:   00007f70cf09e228 0000000000000000 

Instructions: (pc=0x00007f8650573f4d)
0x00007f8650573f2d:   ed 74 50 49 8b 45 08 48 89 c2 48 c1 e2 05 48 85
0x00007f8650573f3d:   c0 49 8d 4c 15 f0 74 2a 48 83 e8 01 49 89 45 08
0x00007f8650573f4d:   48 8b 11 48 83 fa 03 0f 84 a6 00 00 00 48 83 fa
0x00007f8650573f5d:   04 74 78 48 83 fa 02 74 4a 48 83 e9 20 48 85 c0 

Register to memory mapping:

RAX=0x0000000003c3e80f is an unknown value
RBX=0x0000000000000001 is an unknown value
RCX=0x000000007c40fbd0 is an unknown value
RDX=0x00000000787d0200 is an unknown value
RSP=0x00007f7077132540 is pointing into the stack for thread: 0x0000000002e41800
RBP=0x00007f86508fe5f8: <offset 0x3c45f8> in /lib/x86_64-linux-gnu/libc.so.6 at 0x00007f865053a000
RSI=0x0000000000000000 is an unknown value
RDI=0x00007f7053fe7690: _ZN2H59DataSpace3ALLE+0 in /home/yingtao/Desktop/Fiji.app/lib/linux64/libSimpleITKJava.so at 0x00007f7044cad000
R8 =0x0000000000000000 is an unknown value
R9 =0x0000000000000000 is an unknown value
R10=